<?xml version="1.0" encoding="UTF-8"?>
<!-- Generated by org.testng.reporters.JUnitXMLReporter -->
<testsuite ignored="0" hostname="DESKTOP-QQVH2Q6" failures="0" tests="2" name="Test" time="113.086" errors="0" timestamp="20 Mar 2023 13:11:32 GMT">
  <testcase classname="org.framework.AppiumFrameworkDesign1.EcommerceTC1" name="FillForm_ErrorValidation" time="28.173"/>
  <testcase classname="org.framework.AppiumFrameworkDesign1.EcommerceTC4" name="FillForm" time="31.946"/>
</testsuite> <!-- Test -->
