<?xml version="1.0" encoding="UTF-8"?>
<testng-results ignored="0" total="2" passed="2" failed="0" skipped="0">
  <reporter-output>
  </reporter-output>
  <suite started-at="2023-03-20T13:09:39Z" name="Suite" finished-at="2023-03-20T13:11:32Z" duration-ms="113086">
    <groups>
      <group name="smoke">
        <method signature="EcommerceTC1.FillForm_ErrorValidation()[pri:0, instance:org.framework.AppiumFrameworkDesign1.EcommerceTC1@75d0911a]" name="FillForm_ErrorValidation" class="org.framework.AppiumFrameworkDesign1.EcommerceTC1"/>
      </group> <!-- smoke -->
    </groups>
    <test started-at="2023-03-20T13:09:39Z" name="Test" finished-at="2023-03-20T13:11:32Z" duration-ms="113086">
      <class name="org.framework.AppiumFrameworkDesign1.EcommerceTC4">
        <test-method is-config="true" signature="ConfigureAppium()[pri:0, instance:org.framework.AppiumFrameworkDesign1.EcommerceTC4@75e91545]" started-at="2023-03-20T13:10:31Z" name="ConfigureAppium" finished-at="2023-03-20T13:10:57Z" duration-ms="25802" status="PASS">
          <reporter-output>
          </reporter-output>
        </test-method> <!-- ConfigureAppium -->
        <test-method signature="FillForm(java.lang.String, java.lang.String, java.lang.String)[pri:0, instance:org.framework.AppiumFrameworkDesign1.EcommerceTC4@75e91545]" started-at="2023-03-20T13:10:57Z" name="FillForm" data-provider="getData" finished-at="2023-03-20T13:11:29Z" duration-ms="31946" status="PASS">
          <params>
            <param index="0">
              <value>
                <![CDATA[manikanta]]>
              </value>
            </param>
            <param index="1">
              <value>
                <![CDATA[female]]>
              </value>
            </param>
            <param index="2">
              <value>
                <![CDATA[Argentina]]>
              </value>
            </param>
          </params>
          <reporter-output>
          </reporter-output>
        </test-method> <!-- FillForm -->
        <test-method is-config="true" signature="tearDown()[pri:0, instance:org.framework.AppiumFrameworkDesign1.EcommerceTC4@75e91545]" started-at="2023-03-20T13:11:29Z" name="tearDown" finished-at="2023-03-20T13:11:32Z" duration-ms="3033" status="PASS">
          <reporter-output>
          </reporter-output>
        </test-method> <!-- tearDown -->
      </class> <!-- org.framework.AppiumFrameworkDesign1.EcommerceTC4 -->
      <class name="org.framework.AppiumFrameworkDesign1.EcommerceTC1">
        <test-method is-config="true" signature="ConfigureAppium()[pri:0, instance:org.framework.AppiumFrameworkDesign1.EcommerceTC1@75d0911a]" started-at="2023-03-20T13:09:39Z" name="ConfigureAppium" finished-at="2023-03-20T13:10:00Z" duration-ms="21198" status="PASS">
          <reporter-output>
          </reporter-output>
        </test-method> <!-- ConfigureAppium -->
        <test-method signature="FillForm_ErrorValidation()[pri:0, instance:org.framework.AppiumFrameworkDesign1.EcommerceTC1@75d0911a]" started-at="2023-03-20T13:10:00Z" name="FillForm_ErrorValidation" finished-at="2023-03-20T13:10:29Z" duration-ms="28173" status="PASS">
          <reporter-output>
          </reporter-output>
        </test-method> <!-- FillForm_ErrorValidation -->
        <test-method is-config="true" signature="tearDown()[pri:0, instance:org.framework.AppiumFrameworkDesign1.EcommerceTC1@75d0911a]" started-at="2023-03-20T13:10:29Z" name="tearDown" finished-at="2023-03-20T13:10:31Z" duration-ms="2856" status="PASS">
          <reporter-output>
          </reporter-output>
        </test-method> <!-- tearDown -->
      </class> <!-- org.framework.AppiumFrameworkDesign1.EcommerceTC1 -->
    </test> <!-- Test -->
  </suite> <!-- Suite -->
</testng-results>
